Wed, 11 Nov 2020 01:44:54 base.py[line:166] INFO Scheduler started
Wed, 11 Nov 2020 01:44:54 scheduler.py[line:111] INFO Schedule init success
Wed, 11 Nov 2020 01:44:54 base.py[line:120] WARNING Run time of job "runjobs (trigger: interval[0:05:00], next run at: 2020-11-11 01:49:19 EST)" was missed by 0:00:34.943155
Wed, 11 Nov 2020 01:44:54 base.py[line:120] WARNING Run time of job "runjobs (trigger: interval[0:05:00], next run at: 2020-11-11 01:46:44 EST)" was missed by 0:03:09.853907
Wed, 11 Nov 2020 01:46:44 base.py[line:123] INFO Running job "runjobs (trigger: interval[0:05:00], next run at: 2020-11-11 01:51:44 EST)" (scheduled at 2020-11-11 01:46:44.971603-05:00)
Wed, 11 Nov 2020 01:46:45 scheduler.py[line:75] INFO f69930bb-9510-4033-9f75-5791dfef963esearch conf success
Wed, 11 Nov 2020 01:46:45 scanner.py[line:32] INFO scanner -->>init
Wed, 11 Nov 2020 01:46:45 scheduler.py[line:85] INFO f69930bb-9510-4033-9f75-5791dfef963ecreate job success
Wed, 11 Nov 2020 01:46:45 scanner.py[line:116] INFO start
Wed, 11 Nov 2020 01:46:45 scanner.py[line:139] INFO port scanner start
Wed, 11 Nov 2020 01:46:45 scanner.py[line:148] INFO masscan --excludefile=d80fee7c-cade-491c-9020-202d8ee7abb6_ex_ip.tmp --source-port=60000 -i ens33 --rate=3000 -p 80,81,82,83,84,88,443,444,880,1025,1177,1234,1311,1471,1991,2080,2082,2083,2086,2087,2375,2376,2480,3000,3128,3541,3542,3689,3749,3780,4000,4022,4040,4064,4369,4443,4567,4848,5357,5560,5678,5985,5986,5986,6664,7071,7288,7474,7547,7548,7779,8001,8008,8009,8010,8060,8069,8080,8081,8086,8088,8089,8090,8098,8100,8112,8139,8161,8200,8334,8377,8378,8443,8800,8834,8880,8888,8889,9000,9010,9080,9191,9443,9595,9944,9981,10001,10243,13579,16010,16992,16993,23424,25105,28017,32400,49152,49153,50070,51106,55553 -iL 0eba11d1-3a1c-4826-8baa-6024a5111171_ip.tmp
Wed, 11 Nov 2020 01:46:45 scanner.py[line:149] INFO dns_output -e 172.16.39.209
Wed, 11 Nov 2020 01:46:45 scanner.py[line:56] INFO <subprocess.Popen object at 0x7f2f1f7b5e10>
Wed, 11 Nov 2020 01:46:45 scanner.py[line:56] INFO <subprocess.Popen object at 0x7f2f1f7b5a90>
Wed, 11 Nov 2020 01:46:45 scanner.py[line:56] INFO <subprocess.Popen object at 0x7f2f1f7b5c90>
Wed, 11 Nov 2020 01:46:45 scanner.py[line:59] INFO -->ps[0].stdout.close()
Wed, 11 Nov 2020 01:46:45 scanner.py[line:59] INFO -->ps[1].stdout.close()
Wed, 11 Nov 2020 01:46:57 scanner.py[line:69] INFO -->running
Wed, 11 Nov 2020 01:46:57 scanner.py[line:69] INFO -->running
Wed, 11 Nov 2020 01:46:57 scanner.py[line:69] INFO -->running
Wed, 11 Nov 2020 01:46:57 scanner.py[line:76] INFO --> call success
Wed, 11 Nov 2020 01:46:57 scanner.py[line:151] INFO success
Wed, 11 Nov 2020 01:46:57 scheduler.py[line:93] INFO f69930bb-9510-4033-9f75-5791dfef963eupdate task info success
Wed, 11 Nov 2020 01:46:57 base.py[line:144] INFO Job "runjobs (trigger: interval[0:05:00], next run at: 2020-11-11 01:51:44 EST)" executed successfully
Wed, 11 Nov 2020 01:49:19 base.py[line:123] INFO Running job "runjobs (trigger: interval[0:05:00], next run at: 2020-11-11 01:54:19 EST)" (scheduled at 2020-11-11 01:49:19.878175-05:00)
Wed, 11 Nov 2020 01:49:19 scheduler.py[line:75] INFO 641ff11b-fb99-432e-8543-2af8c132ab88search conf success
Wed, 11 Nov 2020 01:49:19 scanner.py[line:32] INFO scanner -->>init
Wed, 11 Nov 2020 01:49:19 scheduler.py[line:85] INFO 641ff11b-fb99-432e-8543-2af8c132ab88create job success
Wed, 11 Nov 2020 01:49:19 scanner.py[line:116] INFO start
Wed, 11 Nov 2020 01:49:19 scanner.py[line:139] INFO port scanner start
Wed, 11 Nov 2020 01:49:19 scanner.py[line:148] INFO masscan --excludefile=9f3085c8-16c9-4a15-a480-e64033c45a76_ex_ip.tmp --source-port=60000 -i ens33 --rate=3000 -p 80,81,82,83,84,88,443,444,880,1025,1177,1234,1311,1471,1991,2080,2082,2083,2086,2087,2375,2376,2480,3000,3128,3541,3542,3689,3749,3780,4000,4022,4040,4064,4369,4443,4567,4848,5357,5560,5678,5985,5986,5986,6664,7071,7288,7474,7547,7548,7779,8001,8008,8009,8010,8060,8069,8080,8081,8086,8088,8089,8090,8098,8100,8112,8139,8161,8200,8334,8377,8378,8443,8800,8834,8880,8888,8889,9000,9010,9080,9191,9443,9595,9944,9981,10001,10243,13579,16010,16992,16993,23424,25105,28017,32400,49152,49153,50070,51106,55553 -iL d15078c6-1a33-447b-a012-e90ab355443d_ip.tmp
Wed, 11 Nov 2020 01:49:19 scanner.py[line:149] INFO dns_output -e 172.16.39.209
Wed, 11 Nov 2020 01:49:19 scanner.py[line:56] INFO <subprocess.Popen object at 0x7f2f1f7b5cd0>
Wed, 11 Nov 2020 01:49:19 scanner.py[line:56] INFO <subprocess.Popen object at 0x7f2f1f7b5f90>
Wed, 11 Nov 2020 01:49:19 scanner.py[line:56] INFO <subprocess.Popen object at 0x7f2f1f7b5fd0>
Wed, 11 Nov 2020 01:49:19 scanner.py[line:59] INFO -->ps[0].stdout.close()
Wed, 11 Nov 2020 01:49:19 scanner.py[line:59] INFO -->ps[1].stdout.close()
Wed, 11 Nov 2020 01:49:31 scanner.py[line:69] INFO -->running
Wed, 11 Nov 2020 01:49:33 scanner.py[line:69] INFO -->running
Wed, 11 Nov 2020 01:49:35 scanner.py[line:69] INFO -->running
Wed, 11 Nov 2020 01:49:37 scanner.py[line:69] INFO -->running
Wed, 11 Nov 2020 01:49:39 scanner.py[line:69] INFO -->running
Wed, 11 Nov 2020 01:49:41 scanner.py[line:69] INFO -->running
Wed, 11 Nov 2020 01:49:41 scanner.py[line:69] INFO -->running
Wed, 11 Nov 2020 01:49:41 scanner.py[line:69] INFO -->running
Wed, 11 Nov 2020 01:49:41 scanner.py[line:76] INFO --> call success
Wed, 11 Nov 2020 01:49:41 scanner.py[line:151] INFO success
Wed, 11 Nov 2020 01:49:41 scheduler.py[line:93] INFO 641ff11b-fb99-432e-8543-2af8c132ab88update task info success
Wed, 11 Nov 2020 01:49:41 base.py[line:144] INFO Job "runjobs (trigger: interval[0:05:00], next run at: 2020-11-11 01:54:19 EST)" executed successfully
Wed, 11 Nov 2020 01:51:44 base.py[line:123] INFO Running job "runjobs (trigger: interval[0:05:00], next run at: 2020-11-11 01:56:44 EST)" (scheduled at 2020-11-11 01:51:44.971603-05:00)
Wed, 11 Nov 2020 01:51:45 scheduler.py[line:75] INFO f69930bb-9510-4033-9f75-5791dfef963esearch conf success
Wed, 11 Nov 2020 01:51:45 scanner.py[line:32] INFO scanner -->>init
Wed, 11 Nov 2020 01:51:45 scheduler.py[line:85] INFO f69930bb-9510-4033-9f75-5791dfef963ecreate job success
Wed, 11 Nov 2020 01:51:45 scanner.py[line:116] INFO start
Wed, 11 Nov 2020 01:51:45 scanner.py[line:139] INFO port scanner start
Wed, 11 Nov 2020 01:51:45 scanner.py[line:148] INFO masscan --excludefile=cc26ff00-5010-42e9-a657-1b2d21326323_ex_ip.tmp --source-port=60000 -i ens33 --rate=3000 -p 80,81,82,83,84,88,443,444,880,1025,1177,1234,1311,1471,1991,2080,2082,2083,2086,2087,2375,2376,2480,3000,3128,3541,3542,3689,3749,3780,4000,4022,4040,4064,4369,4443,4567,4848,5357,5560,5678,5985,5986,5986,6664,7071,7288,7474,7547,7548,7779,8001,8008,8009,8010,8060,8069,8080,8081,8086,8088,8089,8090,8098,8100,8112,8139,8161,8200,8334,8377,8378,8443,8800,8834,8880,8888,8889,9000,9010,9080,9191,9443,9595,9944,9981,10001,10243,13579,16010,16992,16993,23424,25105,28017,32400,49152,49153,50070,51106,55553 -iL 4beddd2f-5126-4b9a-b60b-2421331c1849_ip.tmp
Wed, 11 Nov 2020 01:51:45 scanner.py[line:149] INFO dns_output -e 172.16.39.209
Wed, 11 Nov 2020 01:51:45 scanner.py[line:56] INFO <subprocess.Popen object at 0x7f2f1f7b5e90>
Wed, 11 Nov 2020 01:51:45 scanner.py[line:56] INFO <subprocess.Popen object at 0x7f2f1f7b5a50>
Wed, 11 Nov 2020 01:51:45 scanner.py[line:56] INFO <subprocess.Popen object at 0x7f2f1f7b59d0>
Wed, 11 Nov 2020 01:51:45 scanner.py[line:59] INFO -->ps[0].stdout.close()
Wed, 11 Nov 2020 01:51:45 scanner.py[line:59] INFO -->ps[1].stdout.close()
Wed, 11 Nov 2020 01:51:57 scanner.py[line:69] INFO -->running
Wed, 11 Nov 2020 01:51:59 scanner.py[line:69] INFO -->running
Wed, 11 Nov 2020 01:51:59 scanner.py[line:69] INFO -->running
Wed, 11 Nov 2020 01:51:59 scanner.py[line:69] INFO -->running
Wed, 11 Nov 2020 01:51:59 scanner.py[line:76] INFO --> call success
Wed, 11 Nov 2020 01:51:59 scanner.py[line:151] INFO success
Wed, 11 Nov 2020 01:51:59 scheduler.py[line:93] INFO f69930bb-9510-4033-9f75-5791dfef963eupdate task info success
Wed, 11 Nov 2020 01:51:59 base.py[line:144] INFO Job "runjobs (trigger: interval[0:05:00], next run at: 2020-11-11 01:56:44 EST)" executed successfully
Wed, 11 Nov 2020 01:54:19 base.py[line:123] INFO Running job "runjobs (trigger: interval[0:05:00], next run at: 2020-11-11 01:59:19 EST)" (scheduled at 2020-11-11 01:54:19.878175-05:00)
Wed, 11 Nov 2020 01:54:19 scheduler.py[line:75] INFO 641ff11b-fb99-432e-8543-2af8c132ab88search conf success
Wed, 11 Nov 2020 01:54:19 scanner.py[line:32] INFO scanner -->>init
Wed, 11 Nov 2020 01:54:19 scheduler.py[line:85] INFO 641ff11b-fb99-432e-8543-2af8c132ab88create job success
Wed, 11 Nov 2020 01:54:19 scanner.py[line:116] INFO start
Wed, 11 Nov 2020 01:54:19 scanner.py[line:139] INFO port scanner start
Wed, 11 Nov 2020 01:54:19 scanner.py[line:148] INFO masscan --excludefile=bfc64f49-d864-4a38-b2c3-a7dee84647d0_ex_ip.tmp --source-port=60000 -i ens33 --rate=3000 -p 80,81,82,83,84,88,443,444,880,1025,1177,1234,1311,1471,1991,2080,2082,2083,2086,2087,2375,2376,2480,3000,3128,3541,3542,3689,3749,3780,4000,4022,4040,4064,4369,4443,4567,4848,5357,5560,5678,5985,5986,5986,6664,7071,7288,7474,7547,7548,7779,8001,8008,8009,8010,8060,8069,8080,8081,8086,8088,8089,8090,8098,8100,8112,8139,8161,8200,8334,8377,8378,8443,8800,8834,8880,8888,8889,9000,9010,9080,9191,9443,9595,9944,9981,10001,10243,13579,16010,16992,16993,23424,25105,28017,32400,49152,49153,50070,51106,55553 -iL bf056227-13d1-4b7d-abef-c4cc63357929_ip.tmp
Wed, 11 Nov 2020 01:54:19 scanner.py[line:149] INFO dns_output -e 172.16.39.209
Wed, 11 Nov 2020 01:54:19 scanner.py[line:56] INFO <subprocess.Popen object at 0x7f2f1f7b5f10>
Wed, 11 Nov 2020 01:54:19 scanner.py[line:56] INFO <subprocess.Popen object at 0x7f2f1f7b5f90>
Wed, 11 Nov 2020 01:54:19 scanner.py[line:56] INFO <subprocess.Popen object at 0x7f2f1f7b5cd0>
Wed, 11 Nov 2020 01:54:19 scanner.py[line:59] INFO -->ps[0].stdout.close()
Wed, 11 Nov 2020 01:54:19 scanner.py[line:59] INFO -->ps[1].stdout.close()
Wed, 11 Nov 2020 01:54:33 scanner.py[line:69] INFO -->running
Wed, 11 Nov 2020 01:54:35 scanner.py[line:69] INFO -->running
Wed, 11 Nov 2020 01:54:37 scanner.py[line:69] INFO -->running
Wed, 11 Nov 2020 01:54:39 scanner.py[line:69] INFO -->running
Wed, 11 Nov 2020 01:54:41 scanner.py[line:69] INFO -->running
Wed, 11 Nov 2020 01:54:43 scanner.py[line:69] INFO -->running
Wed, 11 Nov 2020 01:54:43 scanner.py[line:69] INFO -->running
Wed, 11 Nov 2020 01:54:43 scanner.py[line:69] INFO -->running
Wed, 11 Nov 2020 01:54:43 scanner.py[line:76] INFO --> call success
Wed, 11 Nov 2020 01:54:43 scanner.py[line:151] INFO success
Wed, 11 Nov 2020 01:54:44 scheduler.py[line:93] INFO 641ff11b-fb99-432e-8543-2af8c132ab88update task info success
Wed, 11 Nov 2020 01:54:44 base.py[line:144] INFO Job "runjobs (trigger: interval[0:05:00], next run at: 2020-11-11 01:59:19 EST)" executed successfully
Wed, 11 Nov 2020 01:56:44 base.py[line:123] INFO Running job "runjobs (trigger: interval[0:05:00], next run at: 2020-11-11 02:01:44 EST)" (scheduled at 2020-11-11 01:56:44.971603-05:00)
Wed, 11 Nov 2020 01:56:45 scheduler.py[line:75] INFO f69930bb-9510-4033-9f75-5791dfef963esearch conf success
Wed, 11 Nov 2020 01:56:45 scanner.py[line:32] INFO scanner -->>init
Wed, 11 Nov 2020 01:56:45 scheduler.py[line:85] INFO f69930bb-9510-4033-9f75-5791dfef963ecreate job success
Wed, 11 Nov 2020 01:56:45 scanner.py[line:116] INFO start
Wed, 11 Nov 2020 01:56:45 scanner.py[line:139] INFO port scanner start
Wed, 11 Nov 2020 01:56:45 scanner.py[line:148] INFO masscan --excludefile=dfd973d0-c33d-4921-9f70-1192a7c664ff_ex_ip.tmp --source-port=60000 -i ens33 --rate=3000 -p 80,81,82,83,84,88,443,444,880,1025,1177,1234,1311,1471,1991,2080,2082,2083,2086,2087,2375,2376,2480,3000,3128,3541,3542,3689,3749,3780,4000,4022,4040,4064,4369,4443,4567,4848,5357,5560,5678,5985,5986,5986,6664,7071,7288,7474,7547,7548,7779,8001,8008,8009,8010,8060,8069,8080,8081,8086,8088,8089,8090,8098,8100,8112,8139,8161,8200,8334,8377,8378,8443,8800,8834,8880,8888,8889,9000,9010,9080,9191,9443,9595,9944,9981,10001,10243,13579,16010,16992,16993,23424,25105,28017,32400,49152,49153,50070,51106,55553 -iL 744a25cf-02a5-4dc6-aac8-c37826e5c515_ip.tmp
Wed, 11 Nov 2020 01:56:45 scanner.py[line:149] INFO dns_output -e 172.16.39.209
Wed, 11 Nov 2020 01:56:45 scanner.py[line:56] INFO <subprocess.Popen object at 0x7f2f1f7b5a50>
Wed, 11 Nov 2020 01:56:45 scanner.py[line:56] INFO <subprocess.Popen object at 0x7f2f1f7b5d10>
Wed, 11 Nov 2020 01:56:45 scanner.py[line:56] INFO <subprocess.Popen object at 0x7f2f1f7b5a90>
Wed, 11 Nov 2020 01:56:45 scanner.py[line:59] INFO -->ps[0].stdout.close()
Wed, 11 Nov 2020 01:56:45 scanner.py[line:59] INFO -->ps[1].stdout.close()
Wed, 11 Nov 2020 01:56:57 scanner.py[line:69] INFO -->running
Wed, 11 Nov 2020 01:56:59 scanner.py[line:69] INFO -->running
Wed, 11 Nov 2020 01:56:59 scanner.py[line:69] INFO -->running
Wed, 11 Nov 2020 01:56:59 scanner.py[line:69] INFO -->running
Wed, 11 Nov 2020 01:56:59 scanner.py[line:76] INFO --> call success
Wed, 11 Nov 2020 01:56:59 scanner.py[line:151] INFO success
Wed, 11 Nov 2020 01:56:59 scheduler.py[line:93] INFO f69930bb-9510-4033-9f75-5791dfef963eupdate task info success
Wed, 11 Nov 2020 01:56:59 base.py[line:144] INFO Job "runjobs (trigger: interval[0:05:00], next run at: 2020-11-11 02:01:44 EST)" executed successfully
Wed, 11 Nov 2020 01:59:19 base.py[line:123] INFO Running job "runjobs (trigger: interval[0:05:00], next run at: 2020-11-11 02:04:19 EST)" (scheduled at 2020-11-11 01:59:19.878175-05:00)
Wed, 11 Nov 2020 01:59:19 scheduler.py[line:75] INFO 641ff11b-fb99-432e-8543-2af8c132ab88search conf success
Wed, 11 Nov 2020 01:59:19 scanner.py[line:32] INFO scanner -->>init
Wed, 11 Nov 2020 01:59:19 scheduler.py[line:85] INFO 641ff11b-fb99-432e-8543-2af8c132ab88create job success
Wed, 11 Nov 2020 01:59:19 scanner.py[line:116] INFO start
Wed, 11 Nov 2020 01:59:19 scanner.py[line:139] INFO port scanner start
Wed, 11 Nov 2020 01:59:19 scanner.py[line:148] INFO masscan --excludefile=d954fbb2-7cb4-4e9b-87a5-28095ea1529e_ex_ip.tmp --source-port=60000 -i ens33 --rate=3000 -p 80,81,82,83,84,88,443,444,880,1025,1177,1234,1311,1471,1991,2080,2082,2083,2086,2087,2375,2376,2480,3000,3128,3541,3542,3689,3749,3780,4000,4022,4040,4064,4369,4443,4567,4848,5357,5560,5678,5985,5986,5986,6664,7071,7288,7474,7547,7548,7779,8001,8008,8009,8010,8060,8069,8080,8081,8086,8088,8089,8090,8098,8100,8112,8139,8161,8200,8334,8377,8378,8443,8800,8834,8880,8888,8889,9000,9010,9080,9191,9443,9595,9944,9981,10001,10243,13579,16010,16992,16993,23424,25105,28017,32400,49152,49153,50070,51106,55553 -iL 1bba9be0-d100-476a-8b3a-59f69d7d922f_ip.tmp
Wed, 11 Nov 2020 01:59:19 scanner.py[line:149] INFO dns_output -e 172.16.39.209
Wed, 11 Nov 2020 01:59:19 scanner.py[line:56] INFO <subprocess.Popen object at 0x7f2f1f7b5e90>
Wed, 11 Nov 2020 01:59:19 scanner.py[line:56] INFO <subprocess.Popen object at 0x7f2f1f7b5c90>
Wed, 11 Nov 2020 01:59:19 scanner.py[line:56] INFO <subprocess.Popen object at 0x7f2f1f7b5f90>
Wed, 11 Nov 2020 01:59:19 scanner.py[line:59] INFO -->ps[0].stdout.close()
Wed, 11 Nov 2020 01:59:19 scanner.py[line:59] INFO -->ps[1].stdout.close()
Wed, 11 Nov 2020 01:59:31 scanner.py[line:69] INFO -->running
Wed, 11 Nov 2020 01:59:33 scanner.py[line:69] INFO -->running
Wed, 11 Nov 2020 01:59:35 scanner.py[line:69] INFO -->running
Wed, 11 Nov 2020 01:59:37 scanner.py[line:69] INFO -->running
Wed, 11 Nov 2020 01:59:39 scanner.py[line:69] INFO -->running
Wed, 11 Nov 2020 01:59:41 scanner.py[line:69] INFO -->running
Wed, 11 Nov 2020 01:59:41 scanner.py[line:69] INFO -->running
Wed, 11 Nov 2020 01:59:41 scanner.py[line:69] INFO -->running
Wed, 11 Nov 2020 01:59:41 scanner.py[line:76] INFO --> call success
Wed, 11 Nov 2020 01:59:41 scanner.py[line:151] INFO success
Wed, 11 Nov 2020 01:59:41 scheduler.py[line:93] INFO 641ff11b-fb99-432e-8543-2af8c132ab88update task info success
Wed, 11 Nov 2020 01:59:41 base.py[line:144] INFO Job "runjobs (trigger: interval[0:05:00], next run at: 2020-11-11 02:04:19 EST)" executed successfully
